d:\school\school\school\x64\debug\daohang.obj
d:\school\school\school\x64\debug\xitong.obj
d:\school\school\school\x64\debug\guanliyuan.obj
d:\school\school\school\x64\debug\guanyu.obj
d:\school\school\school\x64\debug\zhucejiemian.obj
d:\school\school\school\x64\debug\main.obj
d:\school\school\school\x64\debug\school.obj
d:\school\school\school\x64\debug\moc_xitong.obj
d:\school\school\school\x64\debug\moc_daohang.obj
d:\school\school\school\x64\debug\moc_school.obj
d:\school\school\school\x64\debug\moc_zhucejiemian.obj
d:\school\school\school\x64\debug\zhujiemian.obj
d:\school\school\school\x64\debug\moc_zhujiemian.obj
d:\school\school\school\x64\debug\moc_guanliyuan.obj
d:\school\school\school\x64\debug\moc_guanyu.obj
d:\school\school\school\x64\debug\qrc_school.obj
d:\school\school\school\x64\debug\vc142.pdb
d:\school\school\x64\debug\school.exe
d:\school\school\x64\debug\school.ilk
d:\school\school\x64\debug\school.pdb
d:\school\school\school\x64\debug\moc\moc_school.cpp
d:\school\school\school\x64\debug\moc\moc_zhucejiemian.cpp
d:\school\school\school\x64\debug\moc\moc_xitong.cpp
d:\school\school\school\x64\debug\moc\moc_guanyu.cpp
d:\school\school\school\x64\debug\moc\moc_zhujiemian.cpp
d:\school\school\school\x64\debug\moc\moc_guanliyuan.cpp
d:\school\school\school\x64\debug\moc\moc_daohang.cpp
d:\school\school\school\x64\debug\rcc\qrc_school.cpp
d:\school\school\school\x64\debug\uic\ui_daohang.h
d:\school\school\school\x64\debug\uic\ui_guanliyuan.h
d:\school\school\school\x64\debug\uic\ui_guanyu.h
d:\school\school\school\x64\debug\uic\ui_school.h
d:\school\school\school\x64\debug\uic\ui_xitong.h
d:\school\school\school\x64\debug\uic\ui_zhucejiemian.h
d:\school\school\school\x64\debug\uic\ui_zhujiemian.h
d:\school\school\x64\debug\school.lib
d:\school\school\x64\debug\school.exp
d:\school\school\school\x64\debug\school.tlog\cl.command.1.tlog
d:\school\school\school\x64\debug\school.tlog\cl.read.1.tlog
d:\school\school\school\x64\debug\school.tlog\cl.write.1.tlog
d:\school\school\school\x64\debug\school.tlog\link.command.1.tlog
d:\school\school\school\x64\debug\school.tlog\link.read.1.tlog
d:\school\school\school\x64\debug\school.tlog\link.write.1.tlog
d:\school\school\school\x64\debug\school.tlog\moc.read.1u.tlog
d:\school\school\school\x64\debug\school.tlog\moc.write.1u.tlog
d:\school\school\school\x64\debug\school.tlog\rcc.read.1u.tlog
d:\school\school\school\x64\debug\school.tlog\rcc.write.1u.tlog
d:\school\school\school\x64\debug\school.tlog\school.write.1u.tlog
d:\school\school\school\x64\debug\school.tlog\uic.read.1u.tlog
d:\school\school\school\x64\debug\school.tlog\uic.write.1u.tlog
