d:\school\school\school\x64\release\zhucejiemian.obj
d:\school\school\school\x64\release\guanyu.obj
d:\school\school\school\x64\release\xitong.obj
d:\school\school\school\x64\release\main.obj
d:\school\school\school\x64\release\jianjie.obj
d:\school\school\school\x64\release\daohang.obj
d:\school\school\school\x64\release\xiugaimima.obj
d:\school\school\school\x64\release\zhujiemian.obj
d:\school\school\school\x64\release\school.obj
d:\school\school\school\x64\release\guanliyuan.obj
d:\school\school\school\x64\release\qrc_school.obj
d:\school\school\school\x64\release\moc_zhujiemian.obj
d:\school\school\school\x64\release\moc_daohang.obj
d:\school\school\school\x64\release\moc_xitong.obj
d:\school\school\school\x64\release\moc_zhucejiemian.obj
d:\school\school\school\x64\release\moc_guanyu.obj
d:\school\school\school\x64\release\moc_xiugaimima.obj
d:\school\school\school\x64\release\moc_guanliyuan.obj
d:\school\school\school\x64\release\moc_school.obj
d:\school\school\school\x64\release\moc_jianjie.obj
d:\school\school\x64\release\school.exe
d:\school\school\school\x64\release\moc\moc_school.cpp
d:\school\school\school\x64\release\moc\moc_zhucejiemian.cpp
d:\school\school\school\x64\release\moc\moc_xitong.cpp
d:\school\school\school\x64\release\moc\moc_guanyu.cpp
d:\school\school\school\x64\release\moc\moc_zhujiemian.cpp
d:\school\school\school\x64\release\moc\moc_guanliyuan.cpp
d:\school\school\school\x64\release\moc\moc_daohang.cpp
d:\school\school\school\x64\release\moc\moc_xiugaimima.cpp
d:\school\school\school\x64\release\moc\moc_jianjie.cpp
d:\school\school\school\x64\release\rcc\qrc_school.cpp
d:\school\school\school\x64\release\uic\ui_daohang.h
d:\school\school\school\x64\release\uic\ui_guanliyuan.h
d:\school\school\school\x64\release\uic\ui_guanyu.h
d:\school\school\school\x64\release\uic\ui_jianjie.h
d:\school\school\school\x64\release\uic\ui_school.h
d:\school\school\school\x64\release\uic\ui_xitong.h
d:\school\school\school\x64\release\uic\ui_xiugaimima.h
d:\school\school\school\x64\release\uic\ui_zhucejiemian.h
d:\school\school\school\x64\release\uic\ui_zhujiemian.h
d:\school\school\school\x64\release\school.tlog\cl.20852.write.1.tlog
d:\school\school\school\x64\release\school.tlog\cl.command.1.tlog
d:\school\school\school\x64\release\school.tlog\cl.read.1.tlog
d:\school\school\school\x64\release\school.tlog\link.command.1.tlog
d:\school\school\school\x64\release\school.tlog\link.read.1.tlog
d:\school\school\school\x64\release\school.tlog\link.write.1.tlog
d:\school\school\school\x64\release\school.tlog\moc.read.1u.tlog
d:\school\school\school\x64\release\school.tlog\moc.write.1u.tlog
d:\school\school\school\x64\release\school.tlog\rcc.read.1u.tlog
d:\school\school\school\x64\release\school.tlog\rcc.write.1u.tlog
d:\school\school\school\x64\release\school.tlog\school.write.1u.tlog
d:\school\school\school\x64\release\school.tlog\uic.read.1u.tlog
d:\school\school\school\x64\release\school.tlog\uic.write.1u.tlog
